INSERT INTO lz_plan VALUES ("5579","1002","afsdaf","","0","0",
                "1","0","0.0000","0.0000","0.0000","0.0000","0.0000",
                "0.0000","0.0000","0","0","50","CPC","0",
                "0","0","0","","0","","0",
                "0","","","0","a:7:{s:6:\"mobile\";a:2:{s:5:\"isacl\";s:1:\"0\";s:4:\"data\";s:0:\"\";}s:9:\"run_model\";a:3:{s:5:\"isacl\";s:1:\"0\";s:17:\"comparison_mobile\";s:1:\"1\";s:10:\"modle_data\";a:0:{}}s:4:\"city\";a:4:{s:5:\"isacl\";s:1:\"0\";s:10:\"comparison\";s:1:\"1\";s:8:\"province\";s:0:\"\";s:4:\"data\";s:0:\"\";}s:9:\"siteclass\";a:3:{s:5:\"isacl\";s:1:\"0\";s:6:\"choose\";s:1:\"1\";s:4:\"data\";s:0:\"\";}s:8:\"adzclass\";a:3:{s:5:\"isacl\";s:1:\"0\";s:6:\"choose\";s:1:\"1\";s:4:\"data\";s:0:\"\";}s:4:\"week\";a:2:{s:5:\"isacl\";s:1:\"0\";s:4:\"data\";s:0:\"\";}s:11:\"expire_date\";a:4:{s:6:\"isdate\";s:1:\"0\";s:4:\"year\";s:0:\"\";s:5:\"month\";s:0:\"\";s:3:\"day\";s:0:\"\";}}","5009","0",
                "0","1",
                "1501174419","1");批量删除计划-删除时间2017-09-06 10:09:24
INSERT INTO lz_plan VALUES ("5539","1021","aaa","","0","0",
                "1","0","0.0000","0.0000","0.0000","0.0000","0.0000",
                "0.0000","0.0000","0","0","3233","CPC","0",
                "0","0","0","","0","","0",
                "0","",
                "","0","a:7:{s:6:\"mobile\";a:2:{s:5:\"isacl\";s:1:\"0\";s:4:\"data\";s:0:\"\";}s:9:\"run_model\";a:3:{s:5:\"isacl\";s:1:\"0\";s:17:\"comparison_mobile\";s:1:\"1\";s:10:\"modle_data\";a:1:{i:0;s:0:\"\";}}s:4:\"city\";a:4:{s:5:\"isacl\";s:1:\"0\";s:10:\"comparison\";s:1:\"1\";s:8:\"province\";s:0:\"\";s:4:\"data\";s:0:\"\";}s:9:\"siteclass\";a:3:{s:5:\"isacl\";s:1:\"0\";s:6:\"choose\";s:1:\"1\";s:4:\"data\";s:0:\"\";}s:8:\"adzclass\";a:3:{s:5:\"isacl\";s:1:\"0\";s:6:\"choose\";s:1:\"1\";s:4:\"data\";s:0:\"\";}s:4:\"week\";a:2:{s:5:\"isacl\";s:1:\"0\";s:4:\"data\";s:0:\"\";}s:11:\"expire_date\";a:4:{s:6:\"isdate\";s:1:\"0\";s:4:\"year\";s:0:\"\";s:5:\"month\";s:0:\"\";s:3:\"day\";s:0:\"\";}}","5009","0","0","1",
                "1513649334","1");删除计划-删除时间2017-12-19 10:12:04
INSERT INTO lz_plan VALUES ("5658","1003","搜索","","2","0",
                "1","0","0.0000","0.0000","0.0000","0.0000","0.0000",
                "0.0000","0.0000","0","0","10","CPM","0",
                "0","0","1","11","1","11","0",
                "","",
                "","0","a:8:{s:6:\"mobile\";a:2:{s:5:\"isacl\";s:1:\"1\";s:4:\"data\";a:1:{i:0;s:3:\"ios\";}}s:9:\"run_model\";a:3:{s:5:\"isacl\";s:1:\"1\";s:17:\"comparison_mobile\";s:1:\"1\";s:10:\"modle_data\";a:50:{i:0;s:7:\"OPPOR9s\";i:1;s:7:\"OPPOR9m\";i:2;s:6:\"vivoX9\";i:3;s:6:\"vivoX7\";i:4;s:8:\"OPPOA59m\";i:5;s:8:\"OPPOR9sk\";i:6;s:8:\"OPPOR9tm\";i:7;s:14:\"HUAWEINXT-AL10\";i:8;s:6:\"OPPOR7\";i:9;s:8:\"FRD-AL10\";i:10;s:7:\"vivoY67\";i:11;s:10:\"vivoX7Plus\";i:12;s:14:\"HUAWEIMLA-AL10\";i:13;s:7:\"OPPOR7s\";i:14;s:8:\"FRD-AL00\";i:15;s:8:\"OPPOR7sm\";i:16;s:14:\"HUAWEICAZ-AL10\";i:17;s:8:\"vivoX6SA\";i:18;s:7:\"vivoX9i\";i:19;s:8:\"EVA-AL00\";i:20;s:8:\"SCH-N719\";i:21;s:4:\"MI5s\";i:22;s:8:\"PLK-AL10\";i:23;s:8:\"OPPOA53m\";i:24;s:5:\"R8207\";i:25;s:8:\"1505-A01\";i:26;s:8:\"vivoY67A\";i:27;s:7:\"vivoX6A\";i:28;s:8:\"DIG-AL00\";i:29;s:2:\"M5\";i:30;s:8:\"MI5sPlus\";i:31;s:8:\"OPPOR9st\";i:32;s:7:\"R7Plusm\";i:33;s:3:\"MI6\";i:34;s:8:\"WAS-AL00\";i:35;s:8:\"VIE-AL10\";i:36;s:8:\"KNT-AL20\";i:37;s:11:\"vivoXplay5A\";i:38;s:11:\"vivoX6PlusD\";i:39;s:6:\"R7Plus\";i:40;s:2:\"m2\";i:41;s:7:\"vivoX9L\";i:42;s:8:\"vivoX5SL\";i:43;s:8:\"EVA-TL00\";i:44;s:8:\"OPPOR9km\";i:45;s:8:\"KNT-AL10\";i:46;s:14:\"HUAWEINXT-TL00\";i:47;s:8:\"SM-G9250\";i:48;s:3:\"MI5\";i:49;s:7:\"OPPOA53\";}}s:4:\"city\";a:4:{s:5:\"isacl\";s:1:\"1\";s:10:\"comparison\";s:1:\"1\";s:8:\"province\";a:1:{i:0;s:6:\"安徽\";}s:4:\"data\";a:18:{i:0;s:6:\"合肥\";i:1;s:6:\"芜湖\";i:2;s:6:\"蚌埠\";i:3;s:6:\"淮南\";i:4;s:9:\"马鞍山\";i:5;s:6:\"淮北\";i:6;s:6:\"铜陵\";i:7;s:6:\"安庆\";i:8;s:6:\"黄山\";i:9;s:6:\"滁州\";i:10;s:6:\"阜阳\";i:11;s:6:\"宿州\";i:12;s:6:\"巢湖\";i:13;s:6:\"六安\";i:14;s:6:\"亳州\";i:15;s:6:\"池州\";i:16;s:6:\"宣城\";i:17;s:6:\"鞍山\";}}s:9:\"siteclass\";a:3:{s:5:\"isacl\";s:1:\"1\";s:6:\"choose\";s:1:\"1\";s:4:\"data\";a:1:{i:0;s:3:\"110\";}}s:8:\"adzclass\";a:3:{s:5:\"isacl\";s:1:\"1\";s:6:\"choose\";s:1:\"1\";s:4:\"data\";a:1:{i:0;s:3:\"111\";}}s:4:\"week\";a:2:{s:5:\"isacl\";s:1:\"1\";s:4:\"data\";a:1:{i:1;a:24:{i:0;s:1:\"0\";i:1;s:1:\"1\";i:2;s:1:\"2\";i:3;s:1:\"3\";i:4;s:1:\"4\";i:5;s:1:\"5\";i:6;s:1:\"6\";i:7;s:1:\"7\";i:8;s:1:\"8\";i:9;s:1:\"9\";i:10;s:2:\"10\";i:11;s:2:\"11\";i:12;s:2:\"12\";i:13;s:2:\"13\";i:14;s:2:\"14\";i:15;s:2:\"15\";i:16;s:2:\"16\";i:17;s:2:\"17\";i:18;s:2:\"18\";i:19;s:2:\"19\";i:20;s:2:\"20\";i:21;s:2:\"21\";i:22;s:2:\"22\";i:23;s:2:\"23\";}}}s:11:\"expire_date\";a:4:{s:6:\"isdate\";s:1:\"0\";s:4:\"year\";s:4:\"2016\";s:5:\"month\";s:1:\"1\";s:3:\"day\";s:1:\"1\";}s:8:\"adzlimit\";a:2:{s:8:\"adzlimit\";s:1:\"1\";s:10:\"limitadzid\";s:3:\"222\";}}","5002","0","0","1",
                "1533190819","1");删除计划-删除时间2018-08-02 15:08:44

INSERT INTO lz_plan VALUES ("5660","1003","阿德萨达","","0","0",
                "1","0","0.0000","0.0000","0.0000","0.0000","0.0000",
                "0.0000","0.0000","0","0","222","CPM","0",
                "0","0","0","","0","","0",
                "","",
                "","0","a:8:{s:6:\"mobile\";a:2:{s:5:\"isacl\";s:1:\"0\";s:4:\"data\";s:0:\"\";}s:9:\"run_model\";a:3:{s:5:\"isacl\";s:1:\"0\";s:17:\"comparison_mobile\";s:1:\"1\";s:10:\"modle_data\";a:0:{}}s:4:\"city\";a:4:{s:5:\"isacl\";s:1:\"0\";s:10:\"comparison\";s:1:\"1\";s:8:\"province\";s:0:\"\";s:4:\"data\";s:0:\"\";}s:9:\"siteclass\";a:3:{s:5:\"isacl\";s:1:\"0\";s:6:\"choose\";s:1:\"1\";s:4:\"data\";s:0:\"\";}s:8:\"adzclass\";a:3:{s:5:\"isacl\";s:1:\"0\";s:6:\"choose\";s:1:\"1\";s:4:\"data\";s:0:\"\";}s:4:\"week\";a:2:{s:5:\"isacl\";s:1:\"0\";s:4:\"data\";s:0:\"\";}s:11:\"expire_date\";a:4:{s:6:\"isdate\";s:1:\"0\";s:4:\"year\";s:0:\"\";s:5:\"month\";s:0:\"\";s:3:\"day\";s:0:\"\";}s:8:\"adzlimit\";a:2:{s:8:\"adzlimit\";i:0;s:10:\"limitadzid\";s:0:\"\";}}","5009","0","0","1",
                "1533193620","1");删除计划-删除时间2018-08-02 15:08:11

INSERT INTO lz_users VALUES ("5839","啊范德萨分","22222","s3qHYISncKE","1","0.00","0.00","0","","","","","","","0","","0.00000","0.00","","","","","1","0","0","0","","0","0000-00-00 00:00:00","","","1533708831","1");删除会员管理-删除时间2018-08-08 16:08:39

INSERT INTO lz_ads VALUES ("36505","小说_720x600_2","0","6935","6596","5015","27872","720","600","2","http://img.miaoceshi.com/img/xiaoshuo/bocai/38/720x600.png","https://suoguanjiaqf.com/wx/0713baibai_yunshi_101.html","1","","0","0","1","","1531480700");删除广告-删除时间2018-08-08 17:08:54

INSERT INTO lz_plan VALUES ("5660","1002","高要求","","0","0",
                "1","0","0.0000","0.0000","0.0000","0.0000","0.0000",
                "0.0000","0.0000","0","0","222","CPC","0",
                "0","0","1","5838","0","","0",
                "","",
                "","0","a:8:{s:6:\"mobile\";a:2:{s:5:\"isacl\";s:1:\"0\";s:4:\"data\";s:0:\"\";}s:9:\"run_model\";a:3:{s:5:\"isacl\";s:1:\"0\";s:17:\"comparison_mobile\";s:1:\"1\";s:10:\"modle_data\";a:0:{}}s:4:\"city\";a:4:{s:5:\"isacl\";s:1:\"0\";s:10:\"comparison\";s:1:\"1\";s:8:\"province\";s:0:\"\";s:4:\"data\";s:0:\"\";}s:9:\"siteclass\";a:3:{s:5:\"isacl\";s:1:\"0\";s:6:\"choose\";s:1:\"1\";s:4:\"data\";s:0:\"\";}s:8:\"adzclass\";a:3:{s:5:\"isacl\";s:1:\"0\";s:6:\"choose\";s:1:\"1\";s:4:\"data\";s:0:\"\";}s:4:\"week\";a:2:{s:5:\"isacl\";s:1:\"0\";s:4:\"data\";s:0:\"\";}s:11:\"expire_date\";a:4:{s:6:\"isdate\";s:1:\"0\";s:4:\"year\";s:4:\"2016\";s:5:\"month\";s:1:\"1\";s:3:\"day\";s:1:\"1\";}s:8:\"adzlimit\";a:2:{s:8:\"adzlimit\";i:0;s:10:\"limitadzid\";s:0:\"\";}}","5009","0","0","1",
                "1533269046","10");删除计划-删除时间2018-08-08 17:08:04

INSERT INTO lz_plan VALUES ("5660","1002","高要求","","0","0",
                "1","0","0.0000","0.0000","0.0000","0.0000","0.0000",
                "0.0000","0.0000","0","0","222","CPC","0",
                "0","0","1","5838","0","","0",
                "","",
                "","0","a:8:{s:6:\"mobile\";a:2:{s:5:\"isacl\";s:1:\"0\";s:4:\"data\";s:0:\"\";}s:9:\"run_model\";a:3:{s:5:\"isacl\";s:1:\"0\";s:17:\"comparison_mobile\";s:1:\"1\";s:10:\"modle_data\";a:0:{}}s:4:\"city\";a:4:{s:5:\"isacl\";s:1:\"0\";s:10:\"comparison\";s:1:\"1\";s:8:\"province\";s:0:\"\";s:4:\"data\";s:0:\"\";}s:9:\"siteclass\";a:3:{s:5:\"isacl\";s:1:\"0\";s:6:\"choose\";s:1:\"1\";s:4:\"data\";s:0:\"\";}s:8:\"adzclass\";a:3:{s:5:\"isacl\";s:1:\"0\";s:6:\"choose\";s:1:\"1\";s:4:\"data\";s:0:\"\";}s:4:\"week\";a:2:{s:5:\"isacl\";s:1:\"0\";s:4:\"data\";s:0:\"\";}s:11:\"expire_date\";a:4:{s:6:\"isdate\";s:1:\"0\";s:4:\"year\";s:4:\"2016\";s:5:\"month\";s:1:\"1\";s:3:\"day\";s:1:\"1\";}s:8:\"adzlimit\";a:2:{s:8:\"adzlimit\";i:0;s:10:\"limitadzid\";s:0:\"\";}}","5009","0","0","1",
                "1533269046","10");删除计划-删除时间2018-08-08 17:08:06

INSERT INTO lz_plan VALUES ("","","","","","",
                "","","","","","","",
                "","","","","","","",
                "","","","","","","",
                "","",
                "","","","","","","",
                "","");删除计划-删除时间2018-08-08 17:08:27

INSERT INTO lz_plan VALUES ("5660","1002","高要求","","0","0",
                "1","0","0.0000","0.0000","0.0000","0.0000","0.0000",
                "0.0000","0.0000","0","0","222","CPC","0",
                "0","0","1","5838","0","","0",
                "","",
                "","0","a:8:{s:6:\"mobile\";a:2:{s:5:\"isacl\";s:1:\"0\";s:4:\"data\";s:0:\"\";}s:9:\"run_model\";a:3:{s:5:\"isacl\";s:1:\"0\";s:17:\"comparison_mobile\";s:1:\"1\";s:10:\"modle_data\";a:0:{}}s:4:\"city\";a:4:{s:5:\"isacl\";s:1:\"0\";s:10:\"comparison\";s:1:\"1\";s:8:\"province\";s:0:\"\";s:4:\"data\";s:0:\"\";}s:9:\"siteclass\";a:3:{s:5:\"isacl\";s:1:\"0\";s:6:\"choose\";s:1:\"1\";s:4:\"data\";s:0:\"\";}s:8:\"adzclass\";a:3:{s:5:\"isacl\";s:1:\"0\";s:6:\"choose\";s:1:\"1\";s:4:\"data\";s:0:\"\";}s:4:\"week\";a:2:{s:5:\"isacl\";s:1:\"0\";s:4:\"data\";s:0:\"\";}s:11:\"expire_date\";a:4:{s:6:\"isdate\";s:1:\"0\";s:4:\"year\";s:4:\"2016\";s:5:\"month\";s:1:\"1\";s:3:\"day\";s:1:\"1\";}s:8:\"adzlimit\";a:2:{s:8:\"adzlimit\";i:0;s:10:\"limitadzid\";s:0:\"\";}}","5009","0","0","1",
                "1533269046","10");删除计划-删除时间2018-08-08 17:08:02

INSERT INTO lz_plan VALUES ("5660","1002","高要求","","0","0",
                "1","0","0.0000","0.0000","0.0000","0.0000","0.0000",
                "0.0000","0.0000","0","0","222","CPC","0",
                "0","0","1","5838","0","","0",
                "","",
                "","0","a:8:{s:6:\"mobile\";a:2:{s:5:\"isacl\";s:1:\"0\";s:4:\"data\";s:0:\"\";}s:9:\"run_model\";a:3:{s:5:\"isacl\";s:1:\"0\";s:17:\"comparison_mobile\";s:1:\"1\";s:10:\"modle_data\";a:0:{}}s:4:\"city\";a:4:{s:5:\"isacl\";s:1:\"0\";s:10:\"comparison\";s:1:\"1\";s:8:\"province\";s:0:\"\";s:4:\"data\";s:0:\"\";}s:9:\"siteclass\";a:3:{s:5:\"isacl\";s:1:\"0\";s:6:\"choose\";s:1:\"1\";s:4:\"data\";s:0:\"\";}s:8:\"adzclass\";a:3:{s:5:\"isacl\";s:1:\"0\";s:6:\"choose\";s:1:\"1\";s:4:\"data\";s:0:\"\";}s:4:\"week\";a:2:{s:5:\"isacl\";s:1:\"0\";s:4:\"data\";s:0:\"\";}s:11:\"expire_date\";a:4:{s:6:\"isdate\";s:1:\"0\";s:4:\"year\";s:4:\"2016\";s:5:\"month\";s:1:\"1\";s:3:\"day\";s:1:\"1\";}s:8:\"adzlimit\";a:2:{s:8:\"adzlimit\";i:0;s:10:\"limitadzid\";s:0:\"\";}}","5009","0","0","1",
                "1533269046","10");删除计划-删除时间2018-08-08 17:08:50

INSERT INTO lz_ads VALUES ("36509","高要求1","0","5655","1003","5017","9593","640","200","2","http://img.miaoceshi.com/img/lmlimg/20180802/4/640_200.gif","http://www.360doc.com/content/15/0628/16/25690130_481255920.shtml","1","","0","0","1","","1533719527");删除计划下广告-删除时间2018-08-08 17:08:35

INSERT INTO lz_plan VALUES ("5655","1003","高要求梦幻3D2","","0","0",
                "1","0","0.0000","0.0000","0.0000","0.0000","0.0000",
                "0.0000","0.0000","0","0","222","CPC","2",
                "1","0","1","5838","0","","0",
                "","",
                "","0","a:8:{s:6:\"mobile\";a:2:{s:5:\"isacl\";s:1:\"0\";s:4:\"data\";s:0:\"\";}s:9:\"run_model\";a:3:{s:5:\"isacl\";s:1:\"0\";s:17:\"comparison_mobile\";s:1:\"1\";s:10:\"modle_data\";a:0:{}}s:4:\"city\";a:4:{s:5:\"isacl\";s:1:\"0\";s:10:\"comparison\";s:1:\"1\";s:8:\"province\";s:0:\"\";s:4:\"data\";s:0:\"\";}s:9:\"siteclass\";a:3:{s:5:\"isacl\";s:1:\"0\";s:6:\"choose\";s:1:\"1\";s:4:\"data\";s:0:\"\";}s:8:\"adzclass\";a:3:{s:5:\"isacl\";s:1:\"0\";s:6:\"choose\";s:1:\"1\";s:4:\"data\";s:0:\"\";}s:4:\"week\";a:2:{s:5:\"isacl\";s:1:\"0\";s:4:\"data\";s:0:\"\";}s:11:\"expire_date\";a:4:{s:6:\"isdate\";s:1:\"0\";s:4:\"year\";s:4:\"2016\";s:5:\"month\";s:1:\"1\";s:3:\"day\";s:1:\"1\";}s:8:\"adzlimit\";a:2:{s:8:\"adzlimit\";i:0;s:10:\"limitadzid\";s:0:\"\";}}","5009","0","0","1",
                "1531458720","1");删除计划-删除时间2018-08-08 17:08:35

INSERT INTO lz_ads VALUES ("36509","高要求1","0","5655","1003","5017","9593","640","200","2","http://img.miaoceshi.com/img/lmlimg/20180802/4/640_200.gif","http://www.360doc.com/content/15/0628/16/25690130_481255920.shtml","1","","0","0","1","","1533719527");删除广告-删除时间2018-08-08 17:08:53

INSERT INTO lz_ads VALUES ("36510","zhengchang1","0","5117","5069","5017","5134","640","200","2","http://img.miaoceshi.com/img/lmlimg/20180802/3/640x200.gif","http://www.360doc.com/content/15/0628/16/25690130_481255920.shtml","1","","0","0","1","","1533719824");删除广告-删除时间2018-08-08 17:08:57

INSERT INTO lz_plan VALUES ("5665","1003","小清新测试","","0","0",
                "1","0","0.0000","0.0000","0.0000","0.0000","0.0000",
                "0.0000","0.0000","0","0","222","CPM","0",
                "0","0","0","","0","","0",
                "","",
                "","0","a:8:{s:6:\"mobile\";a:2:{s:5:\"isacl\";s:1:\"0\";s:4:\"data\";s:0:\"\";}s:9:\"run_model\";a:3:{s:5:\"isacl\";s:1:\"0\";s:17:\"comparison_mobile\";s:1:\"1\";s:10:\"modle_data\";a:0:{}}s:4:\"city\";a:4:{s:5:\"isacl\";s:1:\"0\";s:10:\"comparison\";s:1:\"1\";s:8:\"province\";s:0:\"\";s:4:\"data\";s:0:\"\";}s:9:\"siteclass\";a:3:{s:5:\"isacl\";s:1:\"0\";s:6:\"choose\";s:1:\"1\";s:4:\"data\";s:0:\"\";}s:8:\"adzclass\";a:3:{s:5:\"isacl\";s:1:\"0\";s:6:\"choose\";s:1:\"1\";s:4:\"data\";s:0:\"\";}s:4:\"week\";a:2:{s:5:\"isacl\";s:1:\"0\";s:4:\"data\";s:0:\"\";}s:11:\"expire_date\";a:4:{s:6:\"isdate\";s:1:\"0\";s:4:\"year\";s:0:\"\";s:5:\"month\";s:0:\"\";s:3:\"day\";s:0:\"\";}s:8:\"adzlimit\";a:2:{s:8:\"adzlimit\";i:0;s:10:\"limitadzid\";s:0:\"\";}}","5009","0","0","1",
                "1533722903","1");删除计划-删除时间2018-08-08 18:08:23

INSERT INTO lz_ads VALUES ("36517","5653test","0","5668","1002","5030","27972","640","150","2","http://img.miaoceshi.com/img/hb0726/1/640x150.gif","http://www.360doc.com/content/15/0628/16/25690130_481255920.shtml","1","","0","0","0","","1533729169");删除计划下广告-删除时间2018-08-10 10:08:43

INSERT INTO lz_ads VALUES ("36518","test5667","0","5668","1002","5017","27975","640","150","2","http://img.miaoceshi.com/img/hb0726/3/640x200.gif","http://uclink://www.uc.cn/cc77796ca7c25dff9607d31b29effc07?action=open_url&src_pkg=jiguang&src_ch=jiguang044&url=ext%3ainfo_flow_open_channel%3ach_id%3d794794774%26type%3dmultiple%26ch_name%3d%e4%b8%96%e7%95%8c%e6%9d%af","1","","0","0","0","","1533729399");删除计划下广告-删除时间2018-08-10 10:08:43

INSERT INTO lz_plan VALUES ("5668","1002","高要求22222","","0","0",
                "1","0","0.0000","0.0000","0.0000","0.0000","0.0000",
                "0.0000","0.0000","0","0","300","CPM","0",
                "3","0","1","5838","0","","0",
                "","",
                "","0","a:8:{s:6:\"mobile\";a:2:{s:5:\"isacl\";s:1:\"0\";s:4:\"data\";s:0:\"\";}s:9:\"run_model\";a:3:{s:5:\"isacl\";s:1:\"0\";s:17:\"comparison_mobile\";s:1:\"1\";s:10:\"modle_data\";a:0:{}}s:4:\"city\";a:4:{s:5:\"isacl\";s:1:\"0\";s:10:\"comparison\";s:1:\"1\";s:8:\"province\";s:0:\"\";s:4:\"data\";s:0:\"\";}s:9:\"siteclass\";a:3:{s:5:\"isacl\";s:1:\"0\";s:6:\"choose\";s:1:\"1\";s:4:\"data\";s:0:\"\";}s:8:\"adzclass\";a:3:{s:5:\"isacl\";s:1:\"0\";s:6:\"choose\";s:1:\"1\";s:4:\"data\";s:0:\"\";}s:4:\"week\";a:2:{s:5:\"isacl\";s:1:\"0\";s:4:\"data\";s:0:\"\";}s:11:\"expire_date\";a:4:{s:6:\"isdate\";s:1:\"0\";s:4:\"year\";s:4:\"2016\";s:5:\"month\";s:1:\"1\";s:3:\"day\";s:1:\"1\";}s:8:\"adzlimit\";a:2:{s:8:\"adzlimit\";i:0;s:10:\"limitadzid\";s:0:\"\";}}","5009","0","0","0",
                "1533723004","12");删除计划-删除时间2018-08-10 10:08:43

INSERT INTO lz_ads VALUES ("36513","5653test","0","5667","1002","5030","9695","640","150","2","http://img.miaoceshi.com/img/hb0726/1/640x150.gif","http://www.360doc.com/content/15/0628/16/25690130_481255920.shtml","1","","0","0","0","","1533729169");删除计划下广告-删除时间2018-08-10 10:08:26

INSERT INTO lz_ads VALUES ("36515","test5667","0","5667","1002","5017","27963","640","150","2","http://img.miaoceshi.com/img/hb0726/3/640x200.gif","http://uclink://www.uc.cn/cc77796ca7c25dff9607d31b29effc07?action=open_url&src_pkg=jiguang&src_ch=jiguang044&url=ext%3ainfo_flow_open_channel%3ach_id%3d794794774%26type%3dmultiple%26ch_name%3d%e4%b8%96%e7%95%8c%e6%9d%af","1","","0","0","0","","1533729399");删除计划下广告-删除时间2018-08-10 10:08:26

INSERT INTO lz_plan VALUES ("5667","1002","高要求5667","","0","0",
                "1","0","0.0000","0.0000","0.0000","0.0000","0.0000",
                "0.0000","0.0000","0","0","300","CPM","0",
                "3","0","1","5838","0","","0",
                "","",
                "","0","a:8:{s:6:\"mobile\";a:2:{s:5:\"isacl\";s:1:\"0\";s:4:\"data\";s:0:\"\";}s:9:\"run_model\";a:3:{s:5:\"isacl\";s:1:\"0\";s:17:\"comparison_mobile\";s:1:\"1\";s:10:\"modle_data\";a:0:{}}s:4:\"city\";a:4:{s:5:\"isacl\";s:1:\"0\";s:10:\"comparison\";s:1:\"1\";s:8:\"province\";s:0:\"\";s:4:\"data\";s:0:\"\";}s:9:\"siteclass\";a:3:{s:5:\"isacl\";s:1:\"0\";s:6:\"choose\";s:1:\"1\";s:4:\"data\";s:0:\"\";}s:8:\"adzclass\";a:3:{s:5:\"isacl\";s:1:\"0\";s:6:\"choose\";s:1:\"1\";s:4:\"data\";s:0:\"\";}s:4:\"week\";a:2:{s:5:\"isacl\";s:1:\"0\";s:4:\"data\";s:0:\"\";}s:11:\"expire_date\";a:4:{s:6:\"isdate\";s:1:\"0\";s:4:\"year\";s:4:\"2016\";s:5:\"month\";s:1:\"1\";s:3:\"day\";s:1:\"1\";}s:8:\"adzlimit\";a:2:{s:8:\"adzlimit\";i:0;s:10:\"limitadzid\";s:0:\"\";}}","5009","0","0","0",
                "1533723004","12");删除计划-删除时间2018-08-10 10:08:26

INSERT INTO lz_ads VALUES ("36513","5653test","0","5667","1002","5030","9695","640","150","2","http://img.miaoceshi.com/img/hb0726/1/640x150.gif","http://www.360doc.com/content/15/0628/16/25690130_481255920.shtml","1","","0","0","0","","1533729169");删除计划下广告-删除时间2018-08-10 10:08:44

INSERT INTO lz_ads VALUES ("36515","test5667","0","5667","1002","5017","27963","640","150","2","http://img.miaoceshi.com/img/hb0726/3/640x200.gif","http://uclink://www.uc.cn/cc77796ca7c25dff9607d31b29effc07?action=open_url&src_pkg=jiguang&src_ch=jiguang044&url=ext%3ainfo_flow_open_channel%3ach_id%3d794794774%26type%3dmultiple%26ch_name%3d%e4%b8%96%e7%95%8c%e6%9d%af","1","","0","0","0","","1533729399");删除计划下广告-删除时间2018-08-10 10:08:44

INSERT INTO lz_plan VALUES ("5667","1002","高要求5667","","0","0",
                "1","0","0.0000","0.0000","0.0000","0.0000","0.0000",
                "0.0000","0.0000","0","0","300","CPM","0",
                "3","0","1","5838","0","","0",
                "","",
                "","0","a:8:{s:6:\"mobile\";a:2:{s:5:\"isacl\";s:1:\"0\";s:4:\"data\";s:0:\"\";}s:9:\"run_model\";a:3:{s:5:\"isacl\";s:1:\"0\";s:17:\"comparison_mobile\";s:1:\"1\";s:10:\"modle_data\";a:0:{}}s:4:\"city\";a:4:{s:5:\"isacl\";s:1:\"0\";s:10:\"comparison\";s:1:\"1\";s:8:\"province\";s:0:\"\";s:4:\"data\";s:0:\"\";}s:9:\"siteclass\";a:3:{s:5:\"isacl\";s:1:\"0\";s:6:\"choose\";s:1:\"1\";s:4:\"data\";s:0:\"\";}s:8:\"adzclass\";a:3:{s:5:\"isacl\";s:1:\"0\";s:6:\"choose\";s:1:\"1\";s:4:\"data\";s:0:\"\";}s:4:\"week\";a:2:{s:5:\"isacl\";s:1:\"0\";s:4:\"data\";s:0:\"\";}s:11:\"expire_date\";a:4:{s:6:\"isdate\";s:1:\"0\";s:4:\"year\";s:4:\"2016\";s:5:\"month\";s:1:\"1\";s:3:\"day\";s:1:\"1\";}s:8:\"adzlimit\";a:2:{s:8:\"adzlimit\";i:0;s:10:\"limitadzid\";s:0:\"\";}}","5009","0","0","0",
                "1533723004","12");删除计划-删除时间2018-08-10 10:08:44

INSERT INTO lz_plan VALUES ("5669","1002","小清新测试3","","0","0",
                "1","0","0.0000","0.0000","0.0000","0.0000","0.0000",
                "0.0000","0.0000","0","0","333","CPM","20",
                "10","0","0","","0","","0",
                "","",
                "","0","a:8:{s:6:\"mobile\";a:2:{s:5:\"isacl\";s:1:\"0\";s:4:\"data\";s:0:\"\";}s:9:\"run_model\";a:3:{s:5:\"isacl\";s:1:\"0\";s:17:\"comparison_mobile\";s:1:\"1\";s:10:\"modle_data\";a:0:{}}s:4:\"city\";a:4:{s:5:\"isacl\";s:1:\"0\";s:10:\"comparison\";s:1:\"1\";s:8:\"province\";s:0:\"\";s:4:\"data\";s:0:\"\";}s:9:\"siteclass\";a:3:{s:5:\"isacl\";s:1:\"0\";s:6:\"choose\";s:1:\"1\";s:4:\"data\";s:0:\"\";}s:8:\"adzclass\";a:3:{s:5:\"isacl\";s:1:\"0\";s:6:\"choose\";s:1:\"1\";s:4:\"data\";s:0:\"\";}s:4:\"week\";a:2:{s:5:\"isacl\";s:1:\"0\";s:4:\"data\";s:0:\"\";}s:11:\"expire_date\";a:4:{s:6:\"isdate\";s:1:\"0\";s:4:\"year\";s:4:\"2016\";s:5:\"month\";s:1:\"1\";s:3:\"day\";s:1:\"1\";}s:8:\"adzlimit\";a:2:{s:8:\"adzlimit\";i:0;s:10:\"limitadzid\";s:0:\"\";}}","5009","0","0","0",
                "1533722903","20");删除计划-删除时间2018-08-10 10:08:02

INSERT INTO lz_plan VALUES ("5670","1002","小清新测试3","","0","0",
                "1","0","0.0000","0.0000","0.0000","0.0000","0.0000",
                "0.0000","0.0000","0","0","333","CPM","20",
                "10","0","0","","0","","0",
                "","",
                "","0","a:8:{s:6:\"mobile\";a:2:{s:5:\"isacl\";s:1:\"0\";s:4:\"data\";s:0:\"\";}s:9:\"run_model\";a:3:{s:5:\"isacl\";s:1:\"0\";s:17:\"comparison_mobile\";s:1:\"1\";s:10:\"modle_data\";a:0:{}}s:4:\"city\";a:4:{s:5:\"isacl\";s:1:\"0\";s:10:\"comparison\";s:1:\"1\";s:8:\"province\";s:0:\"\";s:4:\"data\";s:0:\"\";}s:9:\"siteclass\";a:3:{s:5:\"isacl\";s:1:\"0\";s:6:\"choose\";s:1:\"1\";s:4:\"data\";s:0:\"\";}s:8:\"adzclass\";a:3:{s:5:\"isacl\";s:1:\"0\";s:6:\"choose\";s:1:\"1\";s:4:\"data\";s:0:\"\";}s:4:\"week\";a:2:{s:5:\"isacl\";s:1:\"0\";s:4:\"data\";s:0:\"\";}s:11:\"expire_date\";a:4:{s:6:\"isdate\";s:1:\"0\";s:4:\"year\";s:4:\"2016\";s:5:\"month\";s:1:\"1\";s:3:\"day\";s:1:\"1\";}s:8:\"adzlimit\";a:2:{s:8:\"adzlimit\";i:0;s:10:\"limitadzid\";s:0:\"\";}}","5009","0","0","0",
                "1533722903","20");删除计划-删除时间2018-08-10 10:08:22

INSERT INTO lz_ads VALUES ("36518","test5667","0","5668","1002","5017","27975","640","150","2","http://img.miaoceshi.com/img/hb0726/3/640x200.gif","http://uclink://www.uc.cn/cc77796ca7c25dff9607d31b29effc07?action=open_url&src_pkg=jiguang&src_ch=jiguang044&url=ext%3ainfo_flow_open_channel%3ach_id%3d794794774%26type%3dmultiple%26ch_name%3d%e4%b8%96%e7%95%8c%e6%9d%af","1","","0","0","0","","1533729399");删除广告-删除时间2018-08-10 11:08:49

INSERT INTO lz_ads VALUES ("36517","5653test","0","5668","1002","5030","27972","640","150","2","http://img.miaoceshi.com/img/hb0726/1/640x150.gif","http://www.360doc.com/content/15/0628/16/25690130_481255920.shtml","1","","0","0","0","","1533729169");删除广告-删除时间2018-08-10 11:08:53

INSERT INTO lz_ads VALUES ("36515","test5667","0","5667","1002","5017","27963","640","150","2","http://img.miaoceshi.com/img/hb0726/3/640x200.gif","http://uclink://www.uc.cn/cc77796ca7c25dff9607d31b29effc07?action=open_url&src_pkg=jiguang&src_ch=jiguang044&url=ext%3ainfo_flow_open_channel%3ach_id%3d794794774%26type%3dmultiple%26ch_name%3d%e4%b8%96%e7%95%8c%e6%9d%af","1","","0","0","0","","1533729399");删除广告-删除时间2018-08-10 11:08:55

INSERT INTO lz_ads VALUES ("36513","5653test","0","5667","1002","5030","9695","640","150","2","http://img.miaoceshi.com/img/hb0726/1/640x150.gif","http://www.360doc.com/content/15/0628/16/25690130_481255920.shtml","1","","0","0","0","","1533729169");删除广告-删除时间2018-08-10 11:08:58

INSERT INTO lz_ads VALUES ("36523","222","0","5664","1093","5039","27991","50","50","1","","http://a-cn.duoyi.com/rewrite?fromid=1301264020036","1","","0","0","1","","1536054724");删除广告-删除时间2018-09-04 17:09:09

INSERT INTO lz_ads VALUES ("36522","222","0","5664","1093","5039","27991","50","50","1","","http://a-cn.duoyi.com/rewrite?fromid=1301264020036","1","","0","0","1","","1536054723");删除广告-删除时间2018-09-04 17:09:11

INSERT INTO lz_adstyle VALUES ("5177","5039","信息流","a:5:{s:12:\"control_text\";a:2:{i:0;s:0:\"\";i:1;s:0:\"\";}s:12:\"control_type\";a:2:{i:0;s:4:\"text\";i:1;s:4:\"text\";}s:12:\"control_name\";a:2:{i:0;s:0:\"\";i:1;s:0:\"\";}s:10:\"control_id\";a:2:{i:0;s:0:\"\";i:1;s:0:\"\";}s:16:\"control_describe\";a:2:{i:0;s:0:\"\";i:1;s:0:\"\";}}","a:1:{i:0;s:5:\"50*50\";}","","","","2","1","1536046981");删除广告样式-删除时间2018-09-04 18:09:19

INSERT INTO lz_ads VALUES ("36525","222","0","5664","1093","5040","27992","640","80","","","http://a-cn.duoyi.com/rewrite?fromid=1301264020036","1","","0","0","0","1","","1536058599");批量删除广告-删除时间2018-09-05 09:09:49

INSERT INTO lz_ads VALUES ("36524","111","0","5664","1093","5039","27991","50","50","1","","http://a-cn.duoyi.com/rewrite?fromid=1301264020036","1","","0","0","0","1","","1536058579");批量删除广告-删除时间2018-09-05 09:09:49

INSERT INTO lz_adstyle VALUES ("5180","5017","Banner+15字","a:5:{s:12:\"control_text\";a:1:{i:0;s:0:\"\";}s:12:\"control_type\";a:1:{i:0;s:4:\"text\";}s:12:\"control_name\";a:1:{i:0;s:0:\"\";}s:10:\"control_id\";a:1:{i:0;s:0:\"\";}s:16:\"control_describe\";a:1:{i:0;s:0:\"\";}}","a:3:{i:0;s:7:\"640*200\";i:1;s:7:\"640*150\";i:2;s:7:\"640*100\";}","","","","1","1","1536115936");删除广告样式-删除时间2018-09-05 10:09:52

INSERT INTO lz_adstyle VALUES ("5179","5017","信息流广告","a:5:{s:12:\"control_text\";a:1:{i:0;s:0:\"\";}s:12:\"control_type\";a:1:{i:0;s:4:\"text\";}s:12:\"control_name\";a:1:{i:0;s:0:\"\";}s:10:\"control_id\";a:1:{i:0;s:0:\"\";}s:16:\"control_describe\";a:1:{i:0;s:0:\"\";}}","a:1:{i:0;s:7:\"640*150\";}","","","","1","1","1536115899");删除广告样式-删除时间2018-09-05 10:09:55

INSERT INTO lz_ads VALUES ("36529","w","","5664","1093","5043","27993","150","150","2","https://wap-fh21-com-cn.mipcdn.com//i/s/file.fh21static.com/fhfile1/M00/66/B3/ooYBAFsQqgGAL8b7AAEVDsX4K_c42.jpeg","http://a-cn.duoyi.com/rewrite?fromid=1301264020036","1","/","","a:1:{i:0;s:33:"再相逢虽是路人却仍心动";}","0","0","1","0","","1536119441");删除广告-删除时间2018-09-05 17:09:17

INSERT INTO lz_adzone VALUES ("10406","5837","0","3","","CPM","1","0","1","0","0.00","","","5043","5181","110","1","150","150","a:2:{s:5:\"claid\";s:4:\"5181\";s:8:\"position\";i:0;}","36529","1","","","","","","2018-09-05 17:28:59","0","0","","1");删除广告位-删除时间2018-09-05 17:09:02

INSERT INTO lz_ads VALUES ("36542","qq1","0","5664","1093","5040","27992","640","80","2","http://img.miaoceshi.com/img/shenwu3/11/640x80.jpg","https://jcyjzx.com/ceshi/xiaoshuo0321/CCbook051601.html","1","","","0","0","1","0","","1536549685");删除广告-删除时间2018-09-10 11:09:37

INSERT INTO lz_ads VALUES ("36541","z3","0","5664","1093","5017","9688","640","100","2","http://img.miaoceshi.com/img/shenwu3/11/640x80.jpg","https://jcyjzx.com/ceshi/xiaoshuo0321/CCbook051601.html","1","","","0","0","1","0","","1536549521");批量删除广告-删除时间2018-09-10 11:09:56

INSERT INTO lz_ads VALUES ("36540","z2","0","5664","1093","5017","9688","640","100","2","http://img.miaoceshi.com/img/shenwu3/11/640x80.jpg","https://jcyjzx.com/ceshi/xiaoshuo0321/CCbook051601.html","1","","","0","0","1","0","","1536549521");批量删除广告-删除时间2018-09-10 11:09:56

INSERT INTO lz_ads VALUES ("36539","z1","0","5664","1093","5017","9688","640","100","2","http://img.miaoceshi.com/img/shenwu3/11/640x80.jpg","http://pinganhuodong.com/ceshi/SmartM/0907testAD.html?gid={gid}","1","","","0","0","1","0","","1536549520");批量删除广告-删除时间2018-09-10 11:09:56

INSERT INTO lz_ads VALUES ("36538","q3","","5664","1093","5017","9688","640","100","1","./uploads/\20180910\9b9ac01f564fd75fcd76ac0e28b8f5fa.jpg","https://jcyjzx.com/ceshi/xiaoshuo0321/CCbook051601.html","1","/","a:1:{i:0;s:0:"";}","0","0","1","0","","1536547313");批量删除广告-删除时间2018-09-10 11:09:56

INSERT INTO lz_ads VALUES ("36537","q2","0","5664","1093","5017","9688","640","100","1","./uploads/\20180910\3ed3509130978070d2579a47d5c0169d.jpg","https://jcyjzx.com/ceshi/xiaoshuo0321/CCbook051601.html","1","","","0","0","1","0","","1536547313");批量删除广告-删除时间2018-09-10 11:09:56

INSERT INTO lz_ads VALUES ("36536","q1","0","5664","1093","5017","9688","640","100","1","./uploads/\20180910\6bd06ca8463a64356df78997758ff50c.gif","https://jcyjzx.com/ceshi/xiaoshuo0321/CCbook051601.html","1","","","0","0","1","0","","1536547313");批量删除广告-删除时间2018-09-10 11:09:56

INSERT INTO lz_ads VALUES ("36535","a3","","5664","1093","5030","9671","640","100","1","./uploads/\20180910\2c14a5b03af9c46b60ef4b7f987c9dc0.gif","https://jcyjzx.com/ceshi/xiaoshuo0321/CCbook051601.html","1","/","a:1:{i:0;s:0:"";}","0","0","1","0","","1536547030");批量删除广告-删除时间2018-09-10 11:09:56

INSERT INTO lz_ads VALUES ("36534","a2","0","5664","1093","5030","9671","640","100","1","./uploads/\20180910\ac4c0b30397165f3faafd3b9a0f944cb.jpg","https://jcyjzx.com/ceshi/xiaoshuo0321/CCbook051601.html","1","","","0","0","1","0","","1536547027");批量删除广告-删除时间2018-09-10 11:09:56

INSERT INTO lz_ads VALUES ("36533","a1","0","5664","1093","5030","9671","640","100","1","./uploads/\20180910\55ea7fcbe5b26beed5e24decb5b46100.jpg","https://jcyjzx.com/ceshi/xiaoshuo0321/CCbook051601.html","1","","","0","0","1","0","","1536547025");批量删除广告-删除时间2018-09-10 11:09:56

INSERT INTO lz_adzone VALUES ("10367","5678","0","顶部游戏","","CPM","1","0","1","0","0.00","0","0","5032","5148","5037","1","640","150","a:2:{s:5:\"claid\";s:4:\"5056\";s:8:\"position\";a:1:{i:0;s:6:\"bottom\";}}","16114,22836,22837,18671,18698,19718,19721,19758,19864,19867,19838,21299,22168,22449,22690,23379,24949,26636,26799,27496,28094,28906,29110,32807,34365,34384,34420,34499,34521,36394,36482,36490","1","0","0","","a:8:{s:5:"isacl";s:9:"0&0&0&0&0";s:10:"comparison";s:9:"0&0&0&0&0";s:8:"province";s:39:"s:0:"";&s:0:"";&s:0:"";&s:0:"";&s:0:"";";s:4:"city";s:39:"s:0:"";&s:0:"";&s:0:"";&s:0:"";&s:0:"";";s:9:"adzcycle1";s:9:"1&1&1&1&1";s:9:"adzcycle2";s:9:"1&1&1&1&1";s:6:"adznum";s:9:"1&1&1&1&1";s:5:"adzjs";s:4:"&&&&";}","a:4:{s:7:"isacl_6";s:1:"0";s:11:"adzcycle1_6";s:1:"1";s:11:"adzcycle2_6";s:1:"1";s:8:"adznum_6";s:1:"1";}","2018-07-11 13:50:20","","5009,5003,5002,5001,160,159,158,157,156,155,154,153,152,151,150,149,148,147,146,145,143","0","","1");删除广告位-删除时间2018-10-18 13:10:13

INSERT INTO lz_users VALUES ("5847","fdsfgdsg","gtfdsg","sop/qoSqiJY","1","0.00","0.00","0","2393732383@qq.com","3335453","15238555140","","dghgfd","","","","0.00000","0.00","丁建宇","建设银行","建行安徽省黄山市天都支行","webxiaobo@126.com","2","0","0","0","","5840","0000-00-00 00:00:00","127.0.0.1","","1543894713","0");删除会员管理-删除时间2018-12-04 11:12:46

INSERT INTO lz_users VALUES ("5846","afdsadsa","afdsafdsa","yGh8nZCugcyNpImt","1","0.00","0.00","0","","","","","","","0","","0.00000","0.00","","","","","1","0","0","0","","0","0000-00-00 00:00:00","","","1543894655","1");删除会员管理-删除时间2018-12-04 11:12:33

INSERT INTO lz_users VALUES ("5845","aa","admin","sop/qoSqiJY","1","0.00","0.00","0","","","","","","","0","","0.00000","0.00","","","","","1","0","0","0","","0","0000-00-00 00:00:00","","","1543894555","1");删除会员管理-删除时间2018-12-04 11:12:39

INSERT INTO lz_users VALUES ("5844","woshi1","woshi1","sop/qoSqiJY","1","0.00","0.00","0","2393732383@qq.com","22344442","15238555140","","afd","","","","0.00000","0.00","丁建宇","建设银行","建行安徽省黄山市天都支行","webxiaobo@126.com","2","0","0","0","","5840","0000-00-00 00:00:00","127.0.0.1","","1543894517","0");删除会员管理-删除时间2018-12-04 11:12:43

INSERT INTO lz_users VALUES ("5843","12345ww6","123456ww","sop7qIO6eNw","1","0.00","0.00","0","2393732383@qq.com","123121","15245218555","","发的","","","","0.00000","0.00","发阿飞","建设银行","建行安徽省黄山市天都支行","55252114525","2","0","0","0","","1024","0000-00-00 00:00:00","127.0.0.1","","1543893998","0");删除会员管理-删除时间2018-12-04 11:12:47

INSERT INTO lz_users VALUES ("5842","111","12313","sop7qIO6eNw","1","0.00","0.00","0","2393732383@qq.com","123121","15245218555","","发的","","","","0.00000","0.00","发阿飞","建设银行","建行安徽省黄山市天都支行","55252114525","2","0","0","0","","1024","0000-00-00 00:00:00","127.0.0.1","","1543893968","0");删除会员管理-删除时间2018-12-04 11:12:58

